#
# There is insufficient memory for the Java Runtime Environment to continue.
# Native memory allocation (malloc) failed to allocate 270000 bytes for Chunk::new
# Possible reasons:
#   The system is out of physical RAM or swap space
#   The process is running with CompressedOops enabled, and the Java Heap may be blocking the growth of the native heap
# Possible solutions:
#   Reduce memory load on the system
#   Increase physical memory or swap space
#   Check if swap backing store is full
#   Decrease Java heap size (-Xmx/-Xms)
#   Decrease number of Java threads
#   Decrease Java thread stack sizes (-Xss)
#   Set larger code cache with -XX:ReservedCodeCacheSize=
#   JVM is running with Unscaled Compressed Oops mode in which the Java heap is
#     placed in the first 4GB address space. The Java Heap base address is the
#     maximum limit for the native heap growth. Please use -XX:HeapBaseMinAddress
#     to set the Java Heap base and to place the Java Heap above 4GB virtual address.
# This output file may be truncated or incomplete.
#
#  Out of Memory Error (arena.cpp:184), pid=9796, tid=13052
#
# JRE version: Java(TM) SE Runtime Environment (18.0.2+9) (build 18.0.2+9-61)
# Java VM: Java HotSpot(TM) 64-Bit Server VM (18.0.2+9-61, mixed mode, sharing, tiered, compressed oops, compressed class ptrs, g1 gc, windows-amd64)
# No core dump will be written. Minidumps are not enabled by default on client versions of Windows
#

---------------  S U M M A R Y ------------

Command Line: -Dfile.encoding=UTF-8 --module-path=C:\Users\dilra\OneDrive\Desktop\javaprojects\University-Management-System-master\University Management System\build\classes university.management.system.Splash

Host: Intel(R) Core(TM) i3-1005G1 CPU @ 1.20GHz, 4 cores, 7G,  Windows 11 , 64 bit Build 22621 (10.0.22621.2070)
Time: Thu Sep 28 19:33:38 2023 India Standard Time elapsed time: 7.757054 seconds (0d 0h 0m 7s)

---------------  T H R E A D  ---------------

Current thread (0x000002a23898ef80):  JavaThread "C2 CompilerThread0" daemon [_thread_in_native, id=13052, stack(0x000000a913800000,0x000000a913900000)]


Current CompileTask:
C2:   7757 1418       4       sun.awt.image.JPEGImageDecoder::sendPixels (40 bytes)

Stack: [0x000000a913800000,0x000000a913900000]
Native frames: (J=compiled Java code, j=interpreted, Vv=VM code, C=native code)
V  [jvm.dll+0x6993ca]
V  [jvm.dll+0x7f481d]
V  [jvm.dll+0x7f612e]
V  [jvm.dll+0x7f67e3]
V  [jvm.dll+0x25cdaf]
V  [jvm.dll+0xb8c2f]
V  [jvm.dll+0xb8fa5]
V  [jvm.dll+0x3860cb]
V  [jvm.dll+0x34fd01]
V  [jvm.dll+0x34f19a]
V  [jvm.dll+0x22ff51]
V  [jvm.dll+0x22f321]
V  [jvm.dll+0x1ba01c]
V  [jvm.dll+0x23ec9a]
V  [jvm.dll+0x23cf85]
V  [jvm.dll+0x7a6e21]
V  [jvm.dll+0x7a125a]
V  [jvm.dll+0x698275]
C  [ucrtbase.dll+0x29363]
C  [KERNEL32.DLL+0x126ad]
C  [ntdll.dll+0x5aa68]


---------------  P R O C E S S  ---------------

Threads class SMR info:
_java_thread_list=0x000002a23dbbdd40, length=17, elements={
0x000002a238971d30, 0x000002a2389726d0, 0x000002a23898b390, 0x000002a23898bd30,
0x000002a23898c6d0, 0x000002a23898e3a0, 0x000002a23898ef80, 0x000002a238993aa0,
0x000002a23899cbc0, 0x000002a23cca48a0, 0x000002a23cd47b50, 0x000002a23cec2890,
0x000002a23cee56c0, 0x000002a23cee5f90, 0x000002a23da659f0, 0x000002a21b1fb1e0,
0x000002a23de6dfa0
}

Java Threads: ( => current thread )
  0x000002a238971d30 JavaThread "Reference Handler" daemon [_thread_blocked, id=6728, stack(0x000000a913200000,0x000000a913300000)]
  0x000002a2389726d0 JavaThread "Finalizer" daemon [_thread_blocked, id=11560, stack(0x000000a913300000,0x000000a913400000)]
  0x000002a23898b390 JavaThread "Signal Dispatcher" daemon [_thread_blocked, id=9164, stack(0x000000a913400000,0x000000a913500000)]
  0x000002a23898bd30 JavaThread "Attach Listener" daemon [_thread_blocked, id=27252, stack(0x000000a913500000,0x000000a913600000)]
  0x000002a23898c6d0 JavaThread "Service Thread" daemon [_thread_blocked, id=25032, stack(0x000000a913600000,0x000000a913700000)]
  0x000002a23898e3a0 JavaThread "Monitor Deflation Thread" daemon [_thread_blocked, id=14068, stack(0x000000a913700000,0x000000a913800000)]
=>0x000002a23898ef80 JavaThread "C2 CompilerThread0" daemon [_thread_in_native, id=13052, stack(0x000000a913800000,0x000000a913900000)]
  0x000002a238993aa0 JavaThread "C1 CompilerThread0" daemon [_thread_blocked, id=25576, stack(0x000000a913900000,0x000000a913a00000)]
  0x000002a23899cbc0 JavaThread "Sweeper thread" daemon [_thread_blocked, id=17480, stack(0x000000a913a00000,0x000000a913b00000)]
  0x000002a23cca48a0 JavaThread "Common-Cleaner" daemon [_thread_blocked, id=16812, stack(0x000000a913b00000,0x000000a913c00000)]
  0x000002a23cd47b50 JavaThread "Notification Thread" daemon [_thread_blocked, id=5236, stack(0x000000a913c00000,0x000000a913d00000)]
  0x000002a23cec2890 JavaThread "Java2D Disposer" daemon [_thread_blocked, id=8936, stack(0x000000a913f00000,0x000000a914000000)]
  0x000002a23cee56c0 JavaThread "AWT-Shutdown" [_thread_blocked, id=14120, stack(0x000000a914000000,0x000000a914100000)]
  0x000002a23cee5f90 JavaThread "AWT-Windows" daemon [_thread_in_native, id=25340, stack(0x000000a914100000,0x000000a914200000)]
  0x000002a23da659f0 JavaThread "AWT-EventQueue-0" [_thread_in_native, id=28792, stack(0x000000a914600000,0x000000a914700000)]
  0x000002a21b1fb1e0 JavaThread "DestroyJavaVM" [_thread_blocked, id=9044, stack(0x000000a912b00000,0x000000a912c00000)]
  0x000002a23de6dfa0 JavaThread "Image Fetcher 0" daemon [_thread_blocked, id=944, stack(0x000000a914200000,0x000000a914300000)]

Other Threads:
  0x000002a23896c4b0 VMThread "VM Thread" [stack: 0x000000a913100000,0x000000a913200000] [id=9680]
  0x000002a23ccab4e0 WatcherThread "VM Periodic Task Thread" [stack: 0x000000a913d00000,0x000000a913e00000] [id=19444]
  0x000002a21b25b4a0 WorkerThread "GC Thread#0" [stack: 0x000000a912c00000,0x000000a912d00000] [id=27396]
  0x000002a23cfec890 WorkerThread "GC Thread#1" [stack: 0x000000a914300000,0x000000a914400000] [id=27068]
  0x000002a23cfecb30 WorkerThread "GC Thread#2" [stack: 0x000000a914400000,0x000000a914500000] [id=20528]
  0x000002a23db25840 WorkerThread "GC Thread#3" [stack: 0x000000a914500000,0x000000a914600000] [id=4216]
  0x000002a21b26bbd0 ConcurrentGCThread "G1 Main Marker" [stack: 0x000000a912d00000,0x000000a912e00000] [id=10168]
  0x000002a21b26c5c0 WorkerThread "G1 Conc#0" [stack: 0x000000a912e00000,0x000000a912f00000] [id=27076]
  0x000002a238825880 ConcurrentGCThread "G1 Refine#0" [stack: 0x000000a912f00000,0x000000a913000000] [id=8180]
  0x000002a238826030 ConcurrentGCThread "G1 Service" [stack: 0x000000a913000000,0x000000a913100000] [id=16328]

Threads with active compile tasks:
C2 CompilerThread0     7797 1418       4       sun.awt.image.JPEGImageDecoder::sendPixels (40 bytes)

VM state: not at safepoint (normal execution)

VM Mutex/Monitor currently owned by a thread: None

Heap address: 0x0000000084000000, size: 1984 MB, Compressed Oops mode: 32-bit

CDS archive(s) mapped at: [0x0000000800000000-0x0000000800ba0000-0x0000000800ba0000), size 12189696, SharedBaseAddress: 0x0000000800000000, ArchiveRelocationMode: 0.
Compressed class space mapped at: 0x0000000800c00000-0x0000000840c00000, reserved size: 1073741824
Narrow klass base: 0x0000000800000000, Narrow klass shift: 0, Narrow klass range: 0x100000000

GC Precious Log:
 CardTable entry size: 512
 Card Set container configuration: InlinePtr #cards 5 size 8 Array Of Cards #cards 12 size 40 Howl #buckets 4 coarsen threshold 1843 Howl Bitmap #cards 512 size 80 coarsen threshold 460 Card regions per heap region 1 cards per card region 2048
 CPUs: 4 total, 4 available
 Memory: 7931M
 Large Page Support: Disabled
 NUMA Support: Disabled
 Compressed Oops: Enabled (32-bit)
 Heap Region Size: 1M
 Heap Min Capacity: 8M
 Heap Initial Capacity: 124M
 Heap Max Capacity: 1984M
 Pre-touch: Disabled
 Parallel Workers: 4
 Concurrent Workers: 1
 Concurrent Refinement Workers: 4
 Periodic GC: Disabled

Heap:
 garbage-first heap   total 183296K, used 79579K [0x0000000084000000, 0x0000000100000000)
  region size 1024K, 5 young (5120K), 1 survivors (1024K)
 Metaspace       used 8227K, committed 8512K, reserved 1114112K
  class space    used 882K, committed 1024K, reserved 1048576K

Heap Regions: E=young(eden), S=young(survivor), O=old, HS=humongous(starts), HC=humongous(continues), CS=collection set, F=free, OA=open archive, CA=closed archive, TAMS=top-at-mark-start (previous, next)
|   0|0x0000000084000000, 0x0000000084100000, 0x0000000084100000|100%|HS|  |TAMS 0x0000000084000000, 0x0000000084100000| Complete 
|   1|0x0000000084100000, 0x0000000084200000, 0x0000000084200000|100%|HC|  |TAMS 0x0000000084100000, 0x0000000084200000| Complete 
|   2|0x0000000084200000, 0x0000000084300000, 0x0000000084300000|100%|HC|  |TAMS 0x0000000084200000, 0x0000000084300000| Complete 
|   3|0x0000000084300000, 0x0000000084400000, 0x0000000084400000|100%|HC|  |TAMS 0x0000000084300000, 0x0000000084400000| Complete 
|   4|0x0000000084400000, 0x0000000084500000, 0x0000000084500000|100%|HC|  |TAMS 0x0000000084400000, 0x0000000084500000| Complete 
|   5|0x0000000084500000, 0x0000000084600000, 0x0000000084600000|100%|HC|  |TAMS 0x0000000084500000, 0x0000000084600000| Complete 
|   6|0x0000000084600000, 0x0000000084700000, 0x0000000084700000|100%|HC|  |TAMS 0x0000000084600000, 0x0000000084700000| Complete 
|   7|0x0000000084700000, 0x0000000084800000, 0x0000000084800000|100%|HC|  |TAMS 0x0000000084700000, 0x0000000084800000| Complete 
|   8|0x0000000084800000, 0x0000000084900000, 0x0000000084900000|100%|HC|  |TAMS 0x0000000084800000, 0x0000000084900000| Complete 
|   9|0x0000000084900000, 0x0000000084a00000, 0x0000000084a00000|100%|HC|  |TAMS 0x0000000084900000, 0x0000000084a00000| Complete 
|  10|0x0000000084a00000, 0x0000000084b00000, 0x0000000084b00000|100%|HC|  |TAMS 0x0000000084a00000, 0x0000000084b00000| Complete 
|  11|0x0000000084b00000, 0x0000000084c00000, 0x0000000084c00000|100%|HC|  |TAMS 0x0000000084b00000, 0x0000000084c00000| Complete 
|  12|0x0000000084c00000, 0x0000000084d00000, 0x0000000084d00000|100%|HC|  |TAMS 0x0000000084c00000, 0x0000000084d00000| Complete 
|  13|0x0000000084d00000, 0x0000000084e00000, 0x0000000084e00000|100%|HC|  |TAMS 0x0000000084d00000, 0x0000000084e00000| Complete 
|  14|0x0000000084e00000, 0x0000000084f00000, 0x0000000084f00000|100%|HC|  |TAMS 0x0000000084e00000, 0x0000000084f00000| Complete 
|  15|0x0000000084f00000, 0x0000000085000000, 0x0000000085000000|100%|HC|  |TAMS 0x0000000084f00000, 0x0000000085000000| Complete 
|  16|0x0000000085000000, 0x0000000085100000, 0x0000000085100000|100%|HC|  |TAMS 0x0000000085000000, 0x0000000085100000| Complete 
|  17|0x0000000085100000, 0x0000000085200000, 0x0000000085200000|100%|HC|  |TAMS 0x0000000085100000, 0x0000000085200000| Complete 
|  18|0x0000000085200000, 0x0000000085300000, 0x0000000085300000|100%|HC|  |TAMS 0x0000000085200000, 0x0000000085300000| Complete 
|  19|0x0000000085300000, 0x0000000085400000, 0x0000000085400000|100%|HC|  |TAMS 0x0000000085300000, 0x0000000085400000| Complete 
|  20|0x0000000085400000, 0x0000000085500000, 0x0000000085500000|100%|HC|  |TAMS 0x0000000085400000, 0x0000000085500000| Complete 
|  21|0x0000000085500000, 0x0000000085600000, 0x0000000085600000|100%|HC|  |TAMS 0x0000000085500000, 0x0000000085600000| Complete 
|  22|0x0000000085600000, 0x0000000085700000, 0x0000000085700000|100%|HC|  |TAMS 0x0000000085600000, 0x0000000085700000| Complete 
|  23|0x0000000085700000, 0x0000000085800000, 0x0000000085800000|100%|HC|  |TAMS 0x0000000085700000, 0x0000000085800000| Complete 
|  24|0x0000000085800000, 0x0000000085900000, 0x0000000085900000|100%|HC|  |TAMS 0x0000000085800000, 0x0000000085900000| Complete 
|  25|0x0000000085900000, 0x0000000085a00000, 0x0000000085a00000|100%|HC|  |TAMS 0x0000000085900000, 0x0000000085a00000| Complete 
|  26|0x0000000085a00000, 0x0000000085b00000, 0x0000000085b00000|100%|HC|  |TAMS 0x0000000085a00000, 0x0000000085b00000| Complete 
|  27|0x0000000085b00000, 0x0000000085c00000, 0x0000000085c00000|100%|HC|  |TAMS 0x0000000085b00000, 0x0000000085c00000| Complete 
|  28|0x0000000085c00000, 0x0000000085d00000, 0x0000000085d00000|100%|HC|  |TAMS 0x0000000085c00000, 0x0000000085d00000| Complete 
|  29|0x0000000085d00000, 0x0000000085e00000, 0x0000000085e00000|100%|HC|  |TAMS 0x0000000085d00000, 0x0000000085e00000| Complete 
|  30|0x0000000085e00000, 0x0000000085f00000, 0x0000000085f00000|100%|HC|  |TAMS 0x0000000085e00000, 0x0000000085f00000| Complete 
|  31|0x0000000085f00000, 0x0000000086000000, 0x0000000086000000|100%|HC|  |TAMS 0x0000000085f00000, 0x0000000086000000| Complete 
|  32|0x0000000086000000, 0x0000000086100000, 0x0000000086100000|100%| O|  |TAMS 0x0000000086000000, 0x0000000086100000| Untracked 
|  33|0x0000000086100000, 0x0000000086200000, 0x0000000086200000|100%| O|  |TAMS 0x0000000086100000, 0x0000000086200000| Untracked 
|  34|0x0000000086200000, 0x0000000086269200, 0x0000000086300000| 41%| O|  |TAMS 0x0000000086200000, 0x0000000086268800| Untracked 
|  35|0x0000000086300000, 0x0000000086400000, 0x0000000086400000|100%|HS|  |TAMS 0x0000000086300000, 0x0000000086400000| Complete 
|  36|0x0000000086400000, 0x0000000086500000, 0x0000000086500000|100%|HC|  |TAMS 0x0000000086400000, 0x0000000086500000| Complete 
|  37|0x0000000086500000, 0x0000000086600000, 0x0000000086600000|100%|HC|  |TAMS 0x0000000086500000, 0x0000000086600000| Complete 
|  38|0x0000000086600000, 0x0000000086700000, 0x0000000086700000|100%|HS|  |TAMS 0x0000000086600000, 0x0000000086700000| Complete 
|  39|0x0000000086700000, 0x0000000086800000, 0x0000000086800000|100%|HC|  |TAMS 0x0000000086700000, 0x0000000086800000| Complete 
|  40|0x0000000086800000, 0x0000000086900000, 0x0000000086900000|100%|HC|  |TAMS 0x0000000086800000, 0x0000000086900000| Complete 
|  41|0x0000000086900000, 0x0000000086a00000, 0x0000000086a00000|100%|HC|  |TAMS 0x0000000086900000, 0x0000000086a00000| Complete 
|  42|0x0000000086a00000, 0x0000000086b00000, 0x0000000086b00000|100%|HC|  |TAMS 0x0000000086a00000, 0x0000000086b00000| Complete 
|  43|0x0000000086b00000, 0x0000000086c00000, 0x0000000086c00000|100%|HS|  |TAMS 0x0000000086b00000, 0x0000000086b00000| Complete 
|  44|0x0000000086c00000, 0x0000000086d00000, 0x0000000086d00000|100%|HC|  |TAMS 0x0000000086c00000, 0x0000000086c00000| Complete 
|  45|0x0000000086d00000, 0x0000000086e00000, 0x0000000086e00000|100%|HC|  |TAMS 0x0000000086d00000, 0x0000000086d00000| Complete 
|  46|0x0000000086e00000, 0x0000000086f00000, 0x0000000086f00000|100%|HC|  |TAMS 0x0000000086e00000, 0x0000000086e00000| Complete 
|  47|0x0000000086f00000, 0x0000000087000000, 0x0000000087000000|100%|HC|  |TAMS 0x0000000086f00000, 0x0000000086f00000| Complete 
|  48|0x0000000087000000, 0x0000000087100000, 0x0000000087100000|100%|HS|  |TAMS 0x0000000087000000, 0x0000000087000000| Complete 
|  49|0x0000000087100000, 0x0000000087200000, 0x0000000087200000|100%|HC|  |TAMS 0x0000000087100000, 0x0000000087100000| Complete 
|  50|0x0000000087200000, 0x0000000087300000, 0x0000000087300000|100%|HC|  |TAMS 0x0000000087200000, 0x0000000087200000| Complete 
|  51|0x0000000087300000, 0x0000000087400000, 0x0000000087400000|100%|HC|  |TAMS 0x0000000087300000, 0x0000000087300000| Complete 
|  52|0x0000000087400000, 0x0000000087500000, 0x0000000087500000|100%|HC|  |TAMS 0x0000000087400000, 0x0000000087400000| Complete 
|  53|0x0000000087500000, 0x0000000087600000, 0x0000000087600000|100%|HS|  |TAMS 0x0000000087500000, 0x0000000087500000| Complete 
|  54|0x0000000087600000, 0x0000000087700000, 0x0000000087700000|100%|HC|  |TAMS 0x0000000087600000, 0x0000000087600000| Complete 
|  55|0x0000000087700000, 0x0000000087800000, 0x0000000087800000|100%|HC|  |TAMS 0x0000000087700000, 0x0000000087700000| Complete 
|  56|0x0000000087800000, 0x0000000087900000, 0x0000000087900000|100%|HC|  |TAMS 0x0000000087800000, 0x0000000087800000| Complete 
|  57|0x0000000087900000, 0x0000000087a00000, 0x0000000087a00000|100%|HC|  |TAMS 0x0000000087900000, 0x0000000087900000| Complete 
|  58|0x0000000087a00000, 0x0000000087b00000, 0x0000000087b00000|100%|HS|  |TAMS 0x0000000087a00000, 0x0000000087a00000| Complete 
|  59|0x0000000087b00000, 0x0000000087c00000, 0x0000000087c00000|100%|HC|  |TAMS 0x0000000087b00000, 0x0000000087b00000| Complete 
|  60|0x0000000087c00000, 0x0000000087d00000, 0x0000000087d00000|100%|HC|  |TAMS 0x0000000087c00000, 0x0000000087c00000| Complete 
|  61|0x0000000087d00000, 0x0000000087e00000, 0x0000000087e00000|100%|HC|  |TAMS 0x0000000087d00000, 0x0000000087d00000| Complete 
|  62|0x0000000087e00000, 0x0000000087f00000, 0x0000000087f00000|100%|HC|  |TAMS 0x0000000087e00000, 0x0000000087e00000| Complete 
|  63|0x0000000087f00000, 0x0000000088000000, 0x0000000088000000|100%|HS|  |TAMS 0x0000000087f00000, 0x0000000087f00000| Complete 
|  64|0x0000000088000000, 0x0000000088100000, 0x0000000088100000|100%|HC|  |TAMS 0x0000000088000000, 0x0000000088000000| Complete 
|  65|0x0000000088100000, 0x0000000088100000, 0x0000000088200000|  0%| F|  |TAMS 0x0000000088100000, 0x0000000088100000| Untracked 
|  66|0x0000000088200000, 0x0000000088200000, 0x0000000088300000|  0%| F|  |TAMS 0x0000000088200000, 0x0000000088200000| Untracked 
|  67|0x0000000088300000, 0x0000000088300000, 0x0000000088400000|  0%| F|  |TAMS 0x0000000088300000, 0x0000000088300000| Untracked 
|  68|0x0000000088400000, 0x0000000088500000, 0x0000000088500000|100%|HS|  |TAMS 0x0000000088400000, 0x0000000088500000| Complete 
|  69|0x0000000088500000, 0x0000000088600000, 0x0000000088600000|100%|HC|  |TAMS 0x0000000088500000, 0x0000000088600000| Complete 
|  70|0x0000000088600000, 0x0000000088700000, 0x0000000088700000|100%|HC|  |TAMS 0x0000000088600000, 0x0000000088700000| Complete 
|  71|0x0000000088700000, 0x0000000088800000, 0x0000000088800000|100%|HC|  |TAMS 0x0000000088700000, 0x0000000088800000| Complete 
|  72|0x0000000088800000, 0x0000000088900000, 0x0000000088900000|100%|HC|  |TAMS 0x0000000088800000, 0x0000000088900000| Complete 
|  73|0x0000000088900000, 0x0000000088900000, 0x0000000088a00000|  0%| F|  |TAMS 0x0000000088900000, 0x0000000088900000| Untracked 
|  74|0x0000000088a00000, 0x0000000088a00000, 0x0000000088b00000|  0%| F|  |TAMS 0x0000000088a00000, 0x0000000088a00000| Untracked 
|  75|0x0000000088b00000, 0x0000000088b00000, 0x0000000088c00000|  0%| F|  |TAMS 0x0000000088b00000, 0x0000000088b00000| Untracked 
|  76|0x0000000088c00000, 0x0000000088c00000, 0x0000000088d00000|  0%| F|  |TAMS 0x0000000088c00000, 0x0000000088c00000| Untracked 
|  77|0x0000000088d00000, 0x0000000088d00000, 0x0000000088e00000|  0%| F|  |TAMS 0x0000000088d00000, 0x0000000088d00000| Untracked 
|  78|0x0000000088e00000, 0x0000000088f00000, 0x0000000088f00000|100%|HS|  |TAMS 0x0000000088e00000, 0x0000000088f00000| Complete 
|  79|0x0000000088f00000, 0x0000000089000000, 0x0000000089000000|100%|HC|  |TAMS 0x0000000088f00000, 0x0000000089000000| Complete 
|  80|0x0000000089000000, 0x0000000089100000, 0x0000000089100000|100%|HC|  |TAMS 0x0000000089000000, 0x0000000089100000| Complete 
|  81|0x0000000089100000, 0x0000000089200000, 0x0000000089200000|100%|HC|  |TAMS 0x0000000089100000, 0x0000000089200000| Complete 
|  82|0x0000000089200000, 0x0000000089300000, 0x0000000089300000|100%|HC|  |TAMS 0x0000000089200000, 0x0000000089300000| Complete 
|  83|0x0000000089300000, 0x0000000089300000, 0x0000000089400000|  0%| F|  |TAMS 0x0000000089300000, 0x0000000089300000| Untracked 
|  84|0x0000000089400000, 0x0000000089400000, 0x0000000089500000|  0%| F|  |TAMS 0x0000000089400000, 0x0000000089400000| Untracked 
|  85|0x0000000089500000, 0x0000000089500000, 0x0000000089600000|  0%| F|  |TAMS 0x0000000089500000, 0x0000000089500000| Untracked 
|  86|0x0000000089600000, 0x0000000089600000, 0x0000000089700000|  0%| F|  |TAMS 0x0000000089600000, 0x0000000089600000| Untracked 
|  87|0x0000000089700000, 0x0000000089700000, 0x0000000089800000|  0%| F|  |TAMS 0x0000000089700000, 0x0000000089700000| Untracked 
|  88|0x0000000089800000, 0x0000000089800000, 0x0000000089900000|  0%| F|  |TAMS 0x0000000089800000, 0x0000000089800000| Untracked 
|  89|0x0000000089900000, 0x0000000089900000, 0x0000000089a00000|  0%| F|  |TAMS 0x0000000089900000, 0x0000000089900000| Untracked 
|  90|0x0000000089a00000, 0x0000000089a00000, 0x0000000089b00000|  0%| F|  |TAMS 0x0000000089a00000, 0x0000000089a00000| Untracked 
|  91|0x0000000089b00000, 0x0000000089b00000, 0x0000000089c00000|  0%| F|  |TAMS 0x0000000089b00000, 0x0000000089b00000| Untracked 
|  92|0x0000000089c00000, 0x0000000089c00000, 0x0000000089d00000|  0%| F|  |TAMS 0x0000000089c00000, 0x0000000089c00000| Untracked 
|  93|0x0000000089d00000, 0x0000000089d00000, 0x0000000089e00000|  0%| F|  |TAMS 0x0000000089d00000, 0x0000000089d00000| Untracked 
|  94|0x0000000089e00000, 0x0000000089e00000, 0x0000000089f00000|  0%| F|  |TAMS 0x0000000089e00000, 0x0000000089e00000| Untracked 
|  95|0x0000000089f00000, 0x0000000089f00000, 0x000000008a000000|  0%| F|  |TAMS 0x0000000089f00000, 0x0000000089f00000| Untracked 
|  96|0x000000008a000000, 0x000000008a000000, 0x000000008a100000|  0%| F|  |TAMS 0x000000008a000000, 0x000000008a000000| Untracked 
|  97|0x000000008a100000, 0x000000008a100000, 0x000000008a200000|  0%| F|  |TAMS 0x000000008a100000, 0x000000008a100000| Untracked 
|  98|0x000000008a200000, 0x000000008a200000, 0x000000008a300000|  0%| F|  |TAMS 0x000000008a200000, 0x000000008a200000| Untracked 
|  99|0x000000008a300000, 0x000000008a300000, 0x000000008a400000|  0%| F|  |TAMS 0x000000008a300000, 0x000000008a300000| Untracked 
| 100|0x000000008a400000, 0x000000008a400000, 0x000000008a500000|  0%| F|  |TAMS 0x000000008a400000, 0x000000008a400000| Untracked 
| 101|0x000000008a500000, 0x000000008a500000, 0x000000008a600000|  0%| F|  |TAMS 0x000000008a500000, 0x000000008a500000| Untracked 
| 102|0x000000008a600000, 0x000000008a600000, 0x000000008a700000|  0%| F|  |TAMS 0x000000008a600000, 0x000000008a600000| Untracked 
| 103|0x000000008a700000, 0x000000008a700000, 0x000000008a800000|  0%| F|  |TAMS 0x000000008a700000, 0x000000008a700000| Untracked 
| 104|0x000000008a800000, 0x000000008a800000, 0x000000008a900000|  0%| F|  |TAMS 0x000000008a800000, 0x000000008a800000| Untracked 
| 105|0x000000008a900000, 0x000000008a900000, 0x000000008aa00000|  0%| F|  |TAMS 0x000000008a900000, 0x000000008a900000| Untracked 
| 106|0x000000008aa00000, 0x000000008aa00000, 0x000000008ab00000|  0%| F|  |TAMS 0x000000008aa00000, 0x000000008aa00000| Untracked 
| 107|0x000000008ab00000, 0x000000008ab00000, 0x000000008ac00000|  0%| F|  |TAMS 0x000000008ab00000, 0x000000008ab00000| Untracked 
| 108|0x000000008ac00000, 0x000000008ac00000, 0x000000008ad00000|  0%| F|  |TAMS 0x000000008ac00000, 0x000000008ac00000| Untracked 
| 109|0x000000008ad00000, 0x000000008ad00000, 0x000000008ae00000|  0%| F|  |TAMS 0x000000008ad00000, 0x000000008ad00000| Untracked 
| 110|0x000000008ae00000, 0x000000008ae00000, 0x000000008af00000|  0%| F|  |TAMS 0x000000008ae00000, 0x000000008ae00000| Untracked 
| 111|0x000000008af00000, 0x000000008af00000, 0x000000008b000000|  0%| F|  |TAMS 0x000000008af00000, 0x000000008af00000| Untracked 
| 112|0x000000008b000000, 0x000000008b000000, 0x000000008b100000|  0%| F|  |TAMS 0x000000008b000000, 0x000000008b000000| Untracked 
| 113|0x000000008b100000, 0x000000008b100000, 0x000000008b200000|  0%| F|  |TAMS 0x000000008b100000, 0x000000008b100000| Untracked 
| 114|0x000000008b200000, 0x000000008b200000, 0x000000008b300000|  0%| F|  |TAMS 0x000000008b200000, 0x000000008b200000| Untracked 
| 115|0x000000008b300000, 0x000000008b300000, 0x000000008b400000|  0%| F|  |TAMS 0x000000008b300000, 0x000000008b300000| Untracked 
| 116|0x000000008b400000, 0x000000008b400000, 0x000000008b500000|  0%| F|  |TAMS 0x000000008b400000, 0x000000008b400000| Untracked 
| 117|0x000000008b500000, 0x000000008b500000, 0x000000008b600000|  0%| F|  |TAMS 0x000000008b500000, 0x000000008b500000| Untracked 
| 118|0x000000008b600000, 0x000000008b600000, 0x000000008b700000|  0%| F|  |TAMS 0x000000008b600000, 0x000000008b600000| Untracked 
| 119|0x000000008b700000, 0x000000008b700000, 0x000000008b800000|  0%| F|  |TAMS 0x000000008b700000, 0x000000008b700000| Untracked 
| 120|0x000000008b800000, 0x000000008b800000, 0x000000008b900000|  0%| F|  |TAMS 0x000000008b800000, 0x000000008b800000| Untracked 
| 121|0x000000008b900000, 0x000000008b900000, 0x000000008ba00000|  0%| F|  |TAMS 0x000000008b900000, 0x000000008b900000| Untracked 
| 122|0x000000008ba00000, 0x000000008ba00000, 0x000000008bb00000|  0%| F|  |TAMS 0x000000008ba00000, 0x000000008ba00000| Untracked 
| 123|0x000000008bb00000, 0x000000008bb00000, 0x000000008bc00000|  0%| F|  |TAMS 0x000000008bb00000, 0x000000008bb00000| Untracked 
| 124|0x000000008bc00000, 0x000000008bc00000, 0x000000008bd00000|  0%| F|  |TAMS 0x000000008bc00000, 0x000000008bc00000| Untracked 
| 125|0x000000008bd00000, 0x000000008bd00000, 0x000000008be00000|  0%| F|  |TAMS 0x000000008bd00000, 0x000000008bd00000| Untracked 
| 126|0x000000008be00000, 0x000000008be00000, 0x000000008bf00000|  0%| F|  |TAMS 0x000000008be00000, 0x000000008be00000| Untracked 
| 127|0x000000008bf00000, 0x000000008bf00000, 0x000000008c000000|  0%| F|  |TAMS 0x000000008bf00000, 0x000000008bf00000| Untracked 
| 128|0x000000008c000000, 0x000000008c000000, 0x000000008c100000|  0%| F|  |TAMS 0x000000008c000000, 0x000000008c000000| Untracked 
| 129|0x000000008c100000, 0x000000008c100000, 0x000000008c200000|  0%| F|  |TAMS 0x000000008c100000, 0x000000008c100000| Untracked 
| 130|0x000000008c200000, 0x000000008c200000, 0x000000008c300000|  0%| F|  |TAMS 0x000000008c200000, 0x000000008c200000| Untracked 
| 131|0x000000008c300000, 0x000000008c300000, 0x000000008c400000|  0%| F|  |TAMS 0x000000008c300000, 0x000000008c300000| Untracked 
| 132|0x000000008c400000, 0x000000008c400000, 0x000000008c500000|  0%| F|  |TAMS 0x000000008c400000, 0x000000008c400000| Untracked 
| 133|0x000000008c500000, 0x000000008c500000, 0x000000008c600000|  0%| F|  |TAMS 0x000000008c500000, 0x000000008c500000| Untracked 
| 134|0x000000008c600000, 0x000000008c600000, 0x000000008c700000|  0%| F|  |TAMS 0x000000008c600000, 0x000000008c600000| Untracked 
| 135|0x000000008c700000, 0x000000008c700000, 0x000000008c800000|  0%| F|  |TAMS 0x000000008c700000, 0x000000008c700000| Untracked 
| 136|0x000000008c800000, 0x000000008c800000, 0x000000008c900000|  0%| F|  |TAMS 0x000000008c800000, 0x000000008c800000| Untracked 
| 137|0x000000008c900000, 0x000000008c900000, 0x000000008ca00000|  0%| F|  |TAMS 0x000000008c900000, 0x000000008c900000| Untracked 
| 138|0x000000008ca00000, 0x000000008ca00000, 0x000000008cb00000|  0%| F|  |TAMS 0x000000008ca00000, 0x000000008ca00000| Untracked 
| 139|0x000000008cb00000, 0x000000008cb00000, 0x000000008cc00000|  0%| F|  |TAMS 0x000000008cb00000, 0x000000008cb00000| Untracked 
| 140|0x000000008cc00000, 0x000000008cc00000, 0x000000008cd00000|  0%| F|  |TAMS 0x000000008cc00000, 0x000000008cc00000| Untracked 
| 141|0x000000008cd00000, 0x000000008cd00000, 0x000000008ce00000|  0%| F|  |TAMS 0x000000008cd00000, 0x000000008cd00000| Untracked 
| 142|0x000000008ce00000, 0x000000008ce00000, 0x000000008cf00000|  0%| F|  |TAMS 0x000000008ce00000, 0x000000008ce00000| Untracked 
| 143|0x000000008cf00000, 0x000000008cf00000, 0x000000008d000000|  0%| F|  |TAMS 0x000000008cf00000, 0x000000008cf00000| Untracked 
| 144|0x000000008d000000, 0x000000008d000000, 0x000000008d100000|  0%| F|  |TAMS 0x000000008d000000, 0x000000008d000000| Untracked 
| 145|0x000000008d100000, 0x000000008d100000, 0x000000008d200000|  0%| F|  |TAMS 0x000000008d100000, 0x000000008d100000| Untracked 
| 146|0x000000008d200000, 0x000000008d200000, 0x000000008d300000|  0%| F|  |TAMS 0x000000008d200000, 0x000000008d200000| Untracked 
| 147|0x000000008d300000, 0x000000008d300000, 0x000000008d400000|  0%| F|  |TAMS 0x000000008d300000, 0x000000008d300000| Untracked 
| 148|0x000000008d400000, 0x000000008d400000, 0x000000008d500000|  0%| F|  |TAMS 0x000000008d400000, 0x000000008d400000| Untracked 
| 149|0x000000008d500000, 0x000000008d500000, 0x000000008d600000|  0%| F|  |TAMS 0x000000008d500000, 0x000000008d500000| Untracked 
| 150|0x000000008d600000, 0x000000008d600000, 0x000000008d700000|  0%| F|  |TAMS 0x000000008d600000, 0x000000008d600000| Untracked 
| 151|0x000000008d700000, 0x000000008d700000, 0x000000008d800000|  0%| F|  |TAMS 0x000000008d700000, 0x000000008d700000| Untracked 
| 152|0x000000008d800000, 0x000000008d800000, 0x000000008d900000|  0%| F|  |TAMS 0x000000008d800000, 0x000000008d800000| Untracked 
| 153|0x000000008d900000, 0x000000008d900000, 0x000000008da00000|  0%| F|  |TAMS 0x000000008d900000, 0x000000008d900000| Untracked 
| 154|0x000000008da00000, 0x000000008da00000, 0x000000008db00000|  0%| F|  |TAMS 0x000000008da00000, 0x000000008da00000| Untracked 
| 155|0x000000008db00000, 0x000000008db00000, 0x000000008dc00000|  0%| F|  |TAMS 0x000000008db00000, 0x000000008db00000| Untracked 
| 156|0x000000008dc00000, 0x000000008dc00000, 0x000000008dd00000|  0%| F|  |TAMS 0x000000008dc00000, 0x000000008dc00000| Untracked 
| 157|0x000000008dd00000, 0x000000008dd00000, 0x000000008de00000|  0%| F|  |TAMS 0x000000008dd00000, 0x000000008dd00000| Untracked 
| 158|0x000000008de00000, 0x000000008de00000, 0x000000008df00000|  0%| F|  |TAMS 0x000000008de00000, 0x000000008de00000| Untracked 
| 159|0x000000008df00000, 0x000000008df00000, 0x000000008e000000|  0%| F|  |TAMS 0x000000008df00000, 0x000000008df00000| Untracked 
| 160|0x000000008e000000, 0x000000008e000000, 0x000000008e100000|  0%| F|  |TAMS 0x000000008e000000, 0x000000008e000000| Untracked 
| 161|0x000000008e100000, 0x000000008e100000, 0x000000008e200000|  0%| F|  |TAMS 0x000000008e100000, 0x000000008e100000| Untracked 
| 162|0x000000008e200000, 0x000000008e200000, 0x000000008e300000|  0%| F|  |TAMS 0x000000008e200000, 0x000000008e200000| Untracked 
| 163|0x000000008e300000, 0x000000008e300000, 0x000000008e400000|  0%| F|  |TAMS 0x000000008e300000, 0x000000008e300000| Untracked 
| 164|0x000000008e400000, 0x000000008e400000, 0x000000008e500000|  0%| F|  |TAMS 0x000000008e400000, 0x000000008e400000| Untracked 
| 165|0x000000008e500000, 0x000000008e500000, 0x000000008e600000|  0%| F|  |TAMS 0x000000008e500000, 0x000000008e500000| Untracked 
| 166|0x000000008e600000, 0x000000008e600000, 0x000000008e700000|  0%| F|  |TAMS 0x000000008e600000, 0x000000008e600000| Untracked 
| 167|0x000000008e700000, 0x000000008e700000, 0x000000008e800000|  0%| F|  |TAMS 0x000000008e700000, 0x000000008e700000| Untracked 
| 168|0x000000008e800000, 0x000000008e800000, 0x000000008e900000|  0%| F|  |TAMS 0x000000008e800000, 0x000000008e800000| Untracked 
| 169|0x000000008e900000, 0x000000008e900000, 0x000000008ea00000|  0%| F|  |TAMS 0x000000008e900000, 0x000000008e900000| Untracked 
| 170|0x000000008ea00000, 0x000000008ea00000, 0x000000008eb00000|  0%| F|  |TAMS 0x000000008ea00000, 0x000000008ea00000| Untracked 
| 171|0x000000008eb00000, 0x000000008eb00000, 0x000000008ec00000|  0%| F|  |TAMS 0x000000008eb00000, 0x000000008eb00000| Untracked 
| 172|0x000000008ec00000, 0x000000008ec00000, 0x000000008ed00000|  0%| F|  |TAMS 0x000000008ec00000, 0x000000008ec00000| Untracked 
| 173|0x000000008ed00000, 0x000000008ed00000, 0x000000008ee00000|  0%| F|  |TAMS 0x000000008ed00000, 0x000000008ed00000| Untracked 
| 174|0x000000008ee00000, 0x000000008ef00000, 0x000000008ef00000|100%| E|  |TAMS 0x000000008ee00000, 0x000000008ee00000| Complete 
| 175|0x000000008ef00000, 0x000000008ef4db80, 0x000000008f000000| 30%| S|CS|TAMS 0x000000008ef00000, 0x000000008ef00000| Complete 
| 176|0x000000008f000000, 0x000000008f100000, 0x000000008f100000|100%| E|CS|TAMS 0x000000008f000000, 0x000000008f000000| Complete 
| 177|0x000000008f100000, 0x000000008f200000, 0x000000008f200000|100%| E|CS|TAMS 0x000000008f100000, 0x000000008f100000| Complete 
| 178|0x000000008f200000, 0x000000008f300000, 0x000000008f300000|100%| E|CS|TAMS 0x000000008f200000, 0x000000008f200000| Complete 

Card table byte_map: [0x000002a231f10000,0x000002a2322f0000] _byte_map_base: 0x000002a231af0000

Marking Bits (Prev, Next): (CMBitMap*) 0x000002a21b25baa0, (CMBitMap*) 0x000002a21b25bae0
 Prev Bits: [0x000002a2326d0000, 0x000002a2345d0000)
 Next Bits: [0x000002a2345d0000, 0x000002a2364d0000)

Polling page: 0x000002a219200000

Metaspace:

Usage:
  Non-class:      7.22 MB used.
      Class:    886.29 KB used.
       Both:      8.09 MB used.

Virtual space:
  Non-class space:       64.00 MB reserved,       7.38 MB ( 12%) committed,  1 nodes.
      Class space:        1.00 GB reserved,       1.00 MB ( <1%) committed,  1 nodes.
             Both:        1.06 GB reserved,       8.38 MB ( <1%) committed. 

Chunk freelists:
   Non-Class:  504.00 KB
       Class:  3.04 MB
        Both:  3.54 MB

MaxMetaspaceSize: unlimited
CompressedClassSpaceSize: 1.00 GB
Initial GC threshold: 21.00 MB
Current GC threshold: 21.00 MB
CDS: on
MetaspaceReclaimPolicy: balanced
 - commit_granule_bytes: 65536.
 - commit_granule_words: 8192.
 - virtual_space_node_default_size: 8388608.
 - enlarge_chunks_in_place: 1.
 - new_chunks_are_fully_committed: 0.
 - uncommit_free_chunks: 1.
 - use_allocation_guard: 0.


Internal statistics:

num_allocs_failed_limit: 0.
num_arena_births: 126.
num_arena_deaths: 0.
num_vsnodes_births: 2.
num_vsnodes_deaths: 0.
num_space_committed: 134.
num_space_uncommitted: 0.
num_chunks_returned_to_freelist: 0.
num_chunks_taken_from_freelist: 186.
num_chunk_merges: 0.
num_chunk_splits: 96.
num_chunks_enlarged: 23.
num_inconsistent_stats: 0.

CodeHeap 'non-profiled nmethods': size=120000Kb used=389Kb max_used=389Kb free=119610Kb
 bounds [0x000002a22a600000, 0x000002a22a870000, 0x000002a231b30000]
CodeHeap 'profiled nmethods': size=120000Kb used=2497Kb max_used=2497Kb free=117502Kb
 bounds [0x000002a2230d0000, 0x000002a223350000, 0x000002a22a600000]
CodeHeap 'non-nmethods': size=5760Kb used=1301Kb max_used=1306Kb free=4458Kb
 bounds [0x000002a222b30000, 0x000002a222da0000, 0x000002a2230d0000]
 total_blobs=2043 nmethods=1436 adapters=519
 compilation: enabled
              stopped_count=0, restarted_count=0
 full_count=0

Compilation events (20 events):
Event: 7.687 Thread 0x000002a238993aa0 1407       3       java.lang.invoke.MethodHandleNatives::canBeCalledVirtual (50 bytes)
Event: 7.688 Thread 0x000002a238993aa0 nmethod 1407 0x000002a223336d10 code [0x000002a223336f00, 0x000002a2233373c8]
Event: 7.688 Thread 0x000002a238993aa0 1409   !   3       javax.swing.UIManager::getLAFState (61 bytes)
Event: 7.688 Thread 0x000002a238993aa0 nmethod 1409 0x000002a223337590 code [0x000002a2233377e0, 0x000002a223337f48]
Event: 7.689 Thread 0x000002a238993aa0 1411       3       java.lang.invoke.Invokers$Holder::linkToTargetMethod (9 bytes)
Event: 7.690 Thread 0x000002a238993aa0 nmethod 1411 0x000002a223338290 code [0x000002a223338440, 0x000002a223338778]
Event: 7.690 Thread 0x000002a238993aa0 1412       3       java.util.Optional::empty (6 bytes)
Event: 7.690 Thread 0x000002a238993aa0 nmethod 1412 0x000002a223338890 code [0x000002a223338a20, 0x000002a223338b18]
Event: 7.690 Thread 0x000002a238993aa0 1413       3       jdk.internal.module.SystemModuleFinders$SystemImage::reader (4 bytes)
Event: 7.690 Thread 0x000002a238993aa0 nmethod 1413 0x000002a223338b90 code [0x000002a223338d20, 0x000002a223338e18]
Event: 7.690 Thread 0x000002a238993aa0 1414       3       jdk.internal.jimage.ImageReader::requireOpen (18 bytes)
Event: 7.690 Thread 0x000002a238993aa0 nmethod 1414 0x000002a223338e90 code [0x000002a223339040, 0x000002a223339248]
Event: 7.691 Thread 0x000002a23898ef80 nmethod 1408 0x000002a22a65fc10 code [0x000002a22a65fdc0, 0x000002a22a660108]
Event: 7.691 Thread 0x000002a23898ef80 1415       4       java.lang.AbstractStringBuilder::ensureCapacityInternal (39 bytes)
Event: 7.693 Thread 0x000002a23898ef80 nmethod 1415 0x000002a22a660410 code [0x000002a22a6605a0, 0x000002a22a660a08]
Event: 7.696 Thread 0x000002a238993aa0 1416       3       java.util.Calendar::internalSet (8 bytes)
Event: 7.697 Thread 0x000002a238993aa0 nmethod 1416 0x000002a223339310 code [0x000002a2233394a0, 0x000002a2233395d8]
Event: 7.697 Thread 0x000002a238993aa0 1417       3       java.awt.image.ReplicateScaleFilter::setPixels (225 bytes)
Event: 7.697 Thread 0x000002a238993aa0 nmethod 1417 0x000002a223339690 code [0x000002a2233398a0, 0x000002a22333a258]
Event: 7.699 Thread 0x000002a23898ef80 1418       4       sun.awt.image.JPEGImageDecoder::sendPixels (40 bytes)

GC Heap History (20 events):
Event: 2.688 GC heap before
{Heap before GC invocations=7 (full 0):
 garbage-first heap   total 183296K, used 82640K [0x0000000084000000, 0x0000000100000000)
  region size 1024K, 3 young (3072K), 1 survivors (1024K)
 Metaspace       used 6907K, committed 7104K, reserved 1114112K
  class space    used 697K, committed 832K, reserved 1048576K
}
Event: 2.689 GC heap after
{Heap after GC invocations=8 (full 0):
 garbage-first heap   total 183296K, used 67282K [0x0000000084000000, 0x0000000100000000)
  region size 1024K, 1 young (1024K), 1 survivors (1024K)
 Metaspace       used 6907K, committed 7104K, reserved 1114112K
  class space    used 697K, committed 832K, reserved 1048576K
}
Event: 2.778 GC heap before
{Heap before GC invocations=8 (full 0):
 garbage-first heap   total 183296K, used 83666K [0x0000000084000000, 0x0000000100000000)
  region size 1024K, 3 young (3072K), 1 survivors (1024K)
 Metaspace       used 6933K, committed 7168K, reserved 1114112K
  class space    used 697K, committed 832K, reserved 1048576K
}
Event: 2.779 GC heap after
{Heap after GC invocations=9 (full 0):
 garbage-first heap   total 183296K, used 56012K [0x0000000084000000, 0x0000000100000000)
  region size 1024K, 1 young (1024K), 1 survivors (1024K)
 Metaspace       used 6933K, committed 7168K, reserved 1114112K
  class space    used 697K, committed 832K, reserved 1048576K
}
Event: 2.932 GC heap before
{Heap before GC invocations=9 (full 0):
 garbage-first heap   total 183296K, used 81612K [0x0000000084000000, 0x0000000100000000)
  region size 1024K, 3 young (3072K), 1 survivors (1024K)
 Metaspace       used 6937K, committed 7168K, reserved 1114112K
  class space    used 697K, committed 832K, reserved 1048576K
}
Event: 2.934 GC heap after
{Heap after GC invocations=10 (full 0):
 garbage-first heap   total 183296K, used 66255K [0x0000000084000000, 0x0000000100000000)
  region size 1024K, 1 young (1024K), 1 survivors (1024K)
 Metaspace       used 6937K, committed 7168K, reserved 1114112K
  class space    used 697K, committed 832K, reserved 1048576K
}
Event: 3.027 GC heap before
{Heap before GC invocations=10 (full 0):
 garbage-first heap   total 183296K, used 82639K [0x0000000084000000, 0x0000000100000000)
  region size 1024K, 3 young (3072K), 1 survivors (1024K)
 Metaspace       used 6951K, committed 7168K, reserved 1114112K
  class space    used 697K, committed 832K, reserved 1048576K
}
Event: 3.028 GC heap after
{Heap after GC invocations=11 (full 0):
 garbage-first heap   total 183296K, used 57050K [0x0000000084000000, 0x0000000100000000)
  region size 1024K, 1 young (1024K), 1 survivors (1024K)
 Metaspace       used 6951K, committed 7168K, reserved 1114112K
  class space    used 697K, committed 832K, reserved 1048576K
}
Event: 3.173 GC heap before
{Heap before GC invocations=11 (full 0):
 garbage-first heap   total 183296K, used 83674K [0x0000000084000000, 0x0000000100000000)
  region size 1024K, 3 young (3072K), 1 survivors (1024K)
 Metaspace       used 6995K, committed 7168K, reserved 1114112K
  class space    used 697K, committed 832K, reserved 1048576K
}
Event: 3.173 GC heap after
{Heap after GC invocations=12 (full 0):
 garbage-first heap   total 183296K, used 67309K [0x0000000084000000, 0x0000000100000000)
  region size 1024K, 1 young (1024K), 1 survivors (1024K)
 Metaspace       used 6995K, committed 7168K, reserved 1114112K
  class space    used 697K, committed 832K, reserved 1048576K
}
Event: 3.253 GC heap before
{Heap before GC invocations=12 (full 0):
 garbage-first heap   total 183296K, used 80621K [0x0000000084000000, 0x0000000100000000)
  region size 1024K, 3 young (3072K), 1 survivors (1024K)
 Metaspace       used 7001K, committed 7232K, reserved 1114112K
  class space    used 697K, committed 832K, reserved 1048576K
}
Event: 3.254 GC heap after
{Heap after GC invocations=13 (full 0):
 garbage-first heap   total 183296K, used 55003K [0x0000000084000000, 0x0000000100000000)
  region size 1024K, 1 young (1024K), 1 survivors (1024K)
 Metaspace       used 7001K, committed 7232K, reserved 1114112K
  class space    used 697K, committed 832K, reserved 1048576K
}
Event: 3.405 GC heap before
{Heap before GC invocations=13 (full 0):
 garbage-first heap   total 183296K, used 80603K [0x0000000084000000, 0x0000000100000000)
  region size 1024K, 3 young (3072K), 1 survivors (1024K)
 Metaspace       used 7008K, committed 7232K, reserved 1114112K
  class space    used 697K, committed 832K, reserved 1048576K
}
Event: 3.406 GC heap after
{Heap after GC invocations=14 (full 0):
 garbage-first heap   total 183296K, used 67311K [0x0000000084000000, 0x0000000100000000)
  region size 1024K, 1 young (1024K), 1 survivors (1024K)
 Metaspace       used 7008K, committed 7232K, reserved 1114112K
  class space    used 697K, committed 832K, reserved 1048576K
}
Event: 3.455 GC heap before
{Heap before GC invocations=14 (full 0):
 garbage-first heap   total 183296K, used 80623K [0x0000000084000000, 0x0000000100000000)
  region size 1024K, 3 young (3072K), 1 survivors (1024K)
 Metaspace       used 7035K, committed 7232K, reserved 1114112K
  class space    used 697K, committed 832K, reserved 1048576K
}
Event: 3.456 GC heap after
{Heap after GC invocations=15 (full 0):
 garbage-first heap   total 183296K, used 54988K [0x0000000084000000, 0x0000000100000000)
  region size 1024K, 1 young (1024K), 1 survivors (1024K)
 Metaspace       used 7035K, committed 7232K, reserved 1114112K
  class space    used 697K, committed 832K, reserved 1048576K
}
Event: 3.577 GC heap before
{Heap before GC invocations=15 (full 0):
 garbage-first heap   total 183296K, used 83660K [0x0000000084000000, 0x0000000100000000)
  region size 1024K, 3 young (3072K), 1 survivors (1024K)
 Metaspace       used 7041K, committed 7232K, reserved 1114112K
  class space    used 697K, committed 832K, reserved 1048576K
}
Event: 3.578 GC heap after
{Heap after GC invocations=16 (full 0):
 garbage-first heap   total 183296K, used 70360K [0x0000000084000000, 0x0000000100000000)
  region size 1024K, 1 young (1024K), 1 survivors (1024K)
 Metaspace       used 7041K, committed 7232K, reserved 1114112K
  class space    used 697K, committed 832K, reserved 1048576K
}
Event: 3.609 GC heap before
{Heap before GC invocations=16 (full 0):
 garbage-first heap   total 183296K, used 81624K [0x0000000084000000, 0x0000000100000000)
  region size 1024K, 3 young (3072K), 1 survivors (1024K)
 Metaspace       used 7041K, committed 7232K, reserved 1114112K
  class space    used 697K, committed 832K, reserved 1048576K
}
Event: 3.610 GC heap after
{Heap after GC invocations=17 (full 0):
 garbage-first heap   total 183296K, used 53979K [0x0000000084000000, 0x0000000100000000)
  region size 1024K, 1 young (1024K), 1 survivors (1024K)
 Metaspace       used 7041K, committed 7232K, reserved 1114112K
  class space    used 697K, committed 832K, reserved 1048576K
}

Deoptimization events (20 events):
Event: 7.684 Thread 0x000002a23dad6460 Uncommon trap: trap_request=0xffffffde fr.pc=0x000002a22a646ef0 relative=0x00000000000002b0
Event: 7.684 Thread 0x000002a23dad6460 Uncommon trap: reason=class_check action=maybe_recompile pc=0x000002a22a646ef0 method=java.util.HashMap.getNode(Ljava/lang/Object;)Ljava/util/HashMap$Node; @ 128 c2
Event: 7.684 Thread 0x000002a23dad6460 DEOPT PACKING pc=0x000002a22a646ef0 sp=0x000000a913efe930
Event: 7.684 Thread 0x000002a23dad6460 DEOPT UNPACKING pc=0x000002a222b85c23 sp=0x000000a913efe838 mode 2
Event: 7.684 Thread 0x000002a23dad6460 Uncommon trap: trap_request=0xffffffde fr.pc=0x000002a22a641d78 relative=0x00000000000002b8
Event: 7.684 Thread 0x000002a23dad6460 Uncommon trap: reason=class_check action=maybe_recompile pc=0x000002a22a641d78 method=java.util.HashMap.getNode(Ljava/lang/Object;)Ljava/util/HashMap$Node; @ 128 c2
Event: 7.684 Thread 0x000002a23dad6460 DEOPT PACKING pc=0x000002a22a641d78 sp=0x000000a913efe8c0
Event: 7.684 Thread 0x000002a23dad6460 DEOPT UNPACKING pc=0x000002a222b85c23 sp=0x000000a913efe838 mode 2
Event: 7.697 Thread 0x000002a23de6dfa0 Uncommon trap: trap_request=0xffffff45 fr.pc=0x000002a22a6342e8 relative=0x00000000000007a8
Event: 7.697 Thread 0x000002a23de6dfa0 Uncommon trap: reason=unstable_if action=reinterpret pc=0x000002a22a6342e8 method=java.awt.image.ReplicateScaleFilter.setPixels(IIIILjava/awt/image/ColorModel;[III)V @ 4 c2
Event: 7.697 Thread 0x000002a23de6dfa0 DEOPT PACKING pc=0x000002a22a6342e8 sp=0x000000a9142fe760
Event: 7.697 Thread 0x000002a23de6dfa0 DEOPT UNPACKING pc=0x000002a222b85c23 sp=0x000000a9142fe6c8 mode 2
Event: 7.698 Thread 0x000002a23de6dfa0 DEOPT PACKING pc=0x000002a22333a161 sp=0x000000a9142fe730
Event: 7.698 Thread 0x000002a23de6dfa0 DEOPT UNPACKING pc=0x000002a222b86763 sp=0x000000a9142fdbc0 mode 0
Event: 7.698 Thread 0x000002a23de6dfa0 DEOPT PACKING pc=0x000002a22333a161 sp=0x000000a9142fe730
Event: 7.698 Thread 0x000002a23de6dfa0 DEOPT UNPACKING pc=0x000002a222b86763 sp=0x000000a9142fdbc0 mode 0
Event: 7.699 Thread 0x000002a23de6dfa0 DEOPT PACKING pc=0x000002a22333a161 sp=0x000000a9142fe730
Event: 7.699 Thread 0x000002a23de6dfa0 DEOPT UNPACKING pc=0x000002a222b86763 sp=0x000000a9142fdbc0 mode 0
Event: 7.700 Thread 0x000002a23de6dfa0 DEOPT PACKING pc=0x000002a22333a161 sp=0x000000a9142fe730
Event: 7.700 Thread 0x000002a23de6dfa0 DEOPT UNPACKING pc=0x000002a222b86763 sp=0x000000a9142fdbc0 mode 0

Classes loaded (20 events):
Event: 7.686 Loading class javax/swing/ButtonModel done
Event: 7.686 Loading class javax/swing/DefaultButtonModel done
Event: 7.686 Loading class javax/swing/AbstractButton$Handler
Event: 7.686 Loading class javax/swing/AbstractButton$Handler done
Event: 7.686 Loading class javax/swing/plaf/metal/MetalButtonUI
Event: 7.686 Loading class javax/swing/plaf/basic/BasicButtonUI
Event: 7.687 Loading class javax/swing/plaf/ButtonUI
Event: 7.687 Loading class javax/swing/plaf/ButtonUI done
Event: 7.687 Loading class javax/swing/plaf/basic/BasicButtonUI done
Event: 7.687 Loading class javax/swing/plaf/metal/MetalButtonUI done
Event: 7.688 Loading class javax/swing/plaf/metal/MetalBorders$ButtonBorder
Event: 7.688 Loading class javax/swing/plaf/metal/MetalBorders$ButtonBorder done
Event: 7.688 Loading class javax/swing/plaf/basic/BasicButtonListener
Event: 7.688 Loading class javax/swing/plaf/basic/BasicButtonListener done
Event: 7.688 Loading class javax/swing/JToggleButton
Event: 7.689 Loading class javax/swing/JToggleButton done
Event: 7.689 Loading class javax/swing/event/AncestorListener
Event: 7.689 Loading class javax/swing/event/AncestorListener done
Event: 7.689 Loading class java/beans/VetoableChangeListener
Event: 7.689 Loading class java/beans/VetoableChangeListener done

Classes unloaded (0 events):
No events

Classes redefined (0 events):
No events

Internal exceptions (20 events):
Event: 0.059 Thread 0x000002a21b1fb1e0 Exception <a 'sun/nio/fs/WindowsException'{0x000000008ba3abd0}> (0x000000008ba3abd0) 
thrown [s\open\src\hotspot\share\prims\jni.cpp, line 516]
Event: 0.059 Thread 0x000002a21b1fb1e0 Exception <a 'sun/nio/fs/WindowsException'{0x000000008ba3b250}> (0x000000008ba3b250) 
thrown [s\open\src\hotspot\share\prims\jni.cpp, line 516]
Event: 0.061 Thread 0x000002a21b1fb1e0 Exception <a 'sun/nio/fs/WindowsException'{0x000000008ba3dc98}> (0x000000008ba3dc98) 
thrown [s\open\src\hotspot\share\prims\jni.cpp, line 516]
Event: 0.061 Thread 0x000002a21b1fb1e0 Exception <a 'sun/nio/fs/WindowsException'{0x000000008ba3e9e8}> (0x000000008ba3e9e8) 
thrown [s\open\src\hotspot\share\prims\jni.cpp, line 516]
Event: 0.091 Thread 0x000002a21b1fb1e0 Exception <a 'java/lang/ClassNotFoundException'{0x000000008b906288}: sun/awt/resources/spi/awtProvider> (0x000000008b906288) 
thrown [s\open\src\hotspot\share\classfile\systemDictionary.cpp, line 255]
Event: 0.110 Thread 0x000002a21b1fb1e0 Exception <a 'java/io/FileNotFoundException'{0x000000008b959c18}> (0x000000008b959c18) 
thrown [s\open\src\hotspot\share\prims\jni.cpp, line 516]
Event: 0.116 Thread 0x000002a21b1fb1e0 Exception <a 'java/io/FileNotFoundException'{0x000000008b987140}> (0x000000008b987140) 
thrown [s\open\src\hotspot\share\prims\jni.cpp, line 516]
Event: 0.145 Thread 0x000002a21b1fb1e0 Exception <a 'java/lang/NoSuchMethodError'{0x000000008b9cb938}: 'java.lang.Object java.lang.invoke.DirectMethodHandle$Holder.invokeStaticInit(java.lang.Object)'> (0x000000008b9cb938) 
thrown [s\open\src\hotspot\share\interpreter\linkResolver.cpp, line 759]
Event: 0.172 Thread 0x000002a21b1fb1e0 Exception <a 'java/lang/NoSuchMethodError'{0x000000008b8585c0}: 'void java.lang.invoke.DirectMethodHandle$Holder.invokeSpecial(java.lang.Object, java.lang.Object, java.lang.Object)'> (0x000000008b8585c0) 
thrown [s\open\src\hotspot\share\interpreter\linkResolver.cpp, line 759]
Event: 0.179 Thread 0x000002a21b1fb1e0 Exception <a 'java/lang/NoSuchMethodError'{0x000000008b883738}: 'java.lang.Object java.lang.invoke.DirectMethodHandle$Holder.newInvokeSpecial(java.lang.Object, java.lang.Object, java.lang.Object, java.lang.Object, java.lang.Object)'> (0x000000008b883738) 
thrown [s\open\src\hotspot\share\interpreter\linkResolver.cpp, line 759]
Event: 0.186 Thread 0x000002a21b1fb1e0 Exception <a 'java/lang/NoSuchMethodError'{0x000000008b8b5870}: 'java.lang.Object java.lang.invoke.DirectMethodHandle$Holder.invokeStatic(java.lang.Object, int, java.lang.Object)'> (0x000000008b8b5870) 
thrown [s\open\src\hotspot\share\interpreter\linkResolver.cpp, line 759]
Event: 0.209 Thread 0x000002a21b1fb1e0 Exception <a 'java/lang/ClassNotFoundException'{0x000000008b7729c0}: com/sun/swing/internal/plaf/metal/resources/spi/metalProvider> (0x000000008b7729c0) 
thrown [s\open\src\hotspot\share\classfile\systemDictionary.cpp, line 255]
Event: 0.209 Thread 0x000002a21b1fb1e0 Exception <a 'java/lang/ClassNotFoundException'{0x000000008b7769f8}: com/sun/swing/internal/plaf/basic/resources/spi/basicProvider> (0x000000008b7769f8) 
thrown [s\open\src\hotspot\share\classfile\systemDictionary.cpp, line 255]
Event: 0.216 Thread 0x000002a21b1fb1e0 Exception <a 'java/lang/NoSuchMethodError'{0x000000008b797038}: 'int java.lang.invoke.Invokers$Holder.invokeExact_MT(java.lang.Object, java.lang.Object)'> (0x000000008b797038) 
thrown [s\open\src\hotspot\share\interpreter\linkResolver.cpp, line 759]
Event: 0.277 Thread 0x000002a23cfa7010 Exception <a 'java/lang/NoSuchMethodError'{0x000000008b5444a8}: 'java.lang.Object java.lang.invoke.DirectMethodHandle$Holder.newInvokeSpecial(java.lang.Object, java.lang.Object, java.lang.Object, int, int, int, int, int)'> (0x000000008b5444a8) 
thrown [s\open\src\hotspot\share\interpreter\linkResolver.cpp, line 759]
Event: 0.634 Thread 0x000002a23cee5f90 Exception <a 'java/lang/NoSuchMethodError'{0x000000008afb7a80}: 'void java.lang.invoke.DirectMethodHandle$Holder.invokeVirtual(java.lang.Object, java.lang.Object)'> (0x000000008afb7a80) 
thrown [s\open\src\hotspot\share\interpreter\linkResolver.cpp, line 759]
Event: 0.647 Thread 0x000002a21b1fb1e0 Exception <a 'java/lang/NoSuchMethodError'{0x000000008b286610}: 'void java.lang.invoke.DirectMethodHandle$Holder.invokeStaticInit(java.lang.Object)'> (0x000000008b286610) 
thrown [s\open\src\hotspot\share\interpreter\linkResolver.cpp, line 759]
Event: 0.930 Thread 0x000002a23da659f0 Exception <a 'sun/java2d/InvalidPipeException'{0x000000008ae723d8}: GDIWindowSurfaceData: bounds changed> (0x000000008ae723d8) 
thrown [s\open\src\hotspot\share\prims\jni.cpp, line 535]
Event: 0.934 Thread 0x000002a23da659f0 Exception <a 'sun/java2d/InvalidPipeException'{0x000000008ae729e8}: GDIWindowSurfaceData: bounds changed> (0x000000008ae729e8) 
thrown [s\open\src\hotspot\share\prims\jni.cpp, line 535]
Event: 7.697 Thread 0x000002a23de6dfa0 Implicit null exception at 0x000002a22a633b8d to 0x000002a22a6342d4

VM Operations (20 events):
Event: 3.172 Executing VM operation: G1TryInitiateConcMark
Event: 3.174 Executing VM operation: G1TryInitiateConcMark done
Event: 3.253 Executing VM operation: G1TryInitiateConcMark
Event: 3.254 Executing VM operation: G1TryInitiateConcMark done
Event: 3.405 Executing VM operation: G1TryInitiateConcMark
Event: 3.406 Executing VM operation: G1TryInitiateConcMark done
Event: 3.455 Executing VM operation: G1TryInitiateConcMark
Event: 3.456 Executing VM operation: G1TryInitiateConcMark done
Event: 3.577 Executing VM operation: G1TryInitiateConcMark
Event: 3.578 Executing VM operation: G1TryInitiateConcMark done
Event: 3.609 Executing VM operation: G1TryInitiateConcMark
Event: 3.610 Executing VM operation: G1TryInitiateConcMark done
Event: 7.665 Executing VM operation: HandshakeAllThreads
Event: 7.665 Executing VM operation: HandshakeAllThreads done
Event: 7.665 Executing VM operation: Cleanup
Event: 7.665 Executing VM operation: Cleanup done
Event: 7.671 Executing VM operation: HandshakeAllThreads
Event: 7.671 Executing VM operation: HandshakeAllThreads done
Event: 7.685 Executing VM operation: HandshakeAllThreads
Event: 7.685 Executing VM operation: HandshakeAllThreads done

Events (20 events):
Event: 0.058 Loaded shared library C:\Program Files\Java\jdk-18.0.2\bin\nio.dll
Event: 0.072 Thread 0x000002a23cd47b50 Thread added: 0x000002a23cd47b50
Event: 0.075 Thread 0x000002a23cd485d0 Thread added: 0x000002a23cd485d0
Event: 0.078 Loaded shared library C:\Program Files\Java\jdk-18.0.2\bin\zip.dll
Event: 0.087 Loaded shared library C:\Program Files\Java\jdk-18.0.2\bin\jimage.dll
Event: 0.100 Loaded shared library C:\Program Files\Java\jdk-18.0.2\bin\awt.dll
Event: 0.145 Thread 0x000002a23cec2890 Thread added: 0x000002a23cec2890
Event: 0.147 Thread 0x000002a23cee56c0 Thread added: 0x000002a23cee56c0
Event: 0.148 Thread 0x000002a23cee5f90 Thread added: 0x000002a23cee5f90
Event: 0.221 Thread 0x000002a23cfa7010 Thread added: 0x000002a23cfa7010
Event: 0.276 Loaded shared library C:\Program Files\Java\jdk-18.0.2\bin\javajpeg.dll
Event: 0.395 Thread 0x000002a23cd485d0 Thread exited: 0x000002a23cd485d0
Event: 0.626 Thread 0x000002a23dad6460 Thread added: 0x000002a23dad6460
Event: 0.636 Thread 0x000002a23da659f0 Thread added: 0x000002a23da659f0
Event: 0.650 Loaded shared library C:\Program Files\Java\jdk-18.0.2\bin\freetype.dll
Event: 0.651 Loaded shared library C:\Program Files\Java\jdk-18.0.2\bin\fontmanager.dll
Event: 3.680 Thread 0x000002a21b1fb1e0 Thread exited: 0x000002a21b1fb1e0
Event: 3.680 Thread 0x000002a21b1fb1e0 Thread added: 0x000002a21b1fb1e0
Event: 5.633 Thread 0x000002a23cfa7010 Thread exited: 0x000002a23cfa7010
Event: 7.690 Thread 0x000002a23de6dfa0 Thread added: 0x000002a23de6dfa0


Dynamic libraries:
0x00007ff77fc00000 - 0x00007ff77fc10000 	C:\Program Files\Java\jdk-18.0.2\bin\java.exe
0x00007ffe7fdd0000 - 0x00007ffe7ffe4000 	C:\WINDOWS\SYSTEM32\ntdll.dll
0x00007ffe7e760000 - 0x00007ffe7e824000 	C:\WINDOWS\System32\KERNEL32.DLL
0x00007ffe7d1e0000 - 0x00007ffe7d584000 	C:\WINDOWS\System32\KERNELBASE.dll
0x00007ffe7da70000 - 0x00007ffe7db81000 	C:\WINDOWS\System32\ucrtbase.dll
0x00007ffe72b10000 - 0x00007ffe72b2a000 	C:\Program Files\Java\jdk-18.0.2\bin\VCRUNTIME140.dll
0x00007ffe5df50000 - 0x00007ffe5df68000 	C:\Program Files\Java\jdk-18.0.2\bin\jli.dll
0x00007ffe7f740000 - 0x00007ffe7f7f0000 	C:\WINDOWS\System32\ADVAPI32.dll
0x00007ffe7f3b0000 - 0x00007ffe7f457000 	C:\WINDOWS\System32\msvcrt.dll
0x00007ffe7f7f0000 - 0x00007ffe7f896000 	C:\WINDOWS\System32\sechost.dll
0x00007ffe7e510000 - 0x00007ffe7e627000 	C:\WINDOWS\System32\RPCRT4.dll
0x00007ffe7fa40000 - 0x00007ffe7fbea000 	C:\WINDOWS\System32\USER32.dll
0x00007ffe7d1b0000 - 0x00007ffe7d1d6000 	C:\WINDOWS\System32\win32u.dll
0x00007ffe7e730000 - 0x00007ffe7e759000 	C:\WINDOWS\System32\GDI32.dll
0x00007ffe7d8e0000 - 0x00007ffe7d9f9000 	C:\WINDOWS\System32\gdi32full.dll
0x00007ffe7d7c0000 - 0x00007ffe7d85a000 	C:\WINDOWS\System32\msvcp_win.dll
0x00007ffe6add0000 - 0x00007ffe6b05f000 	C:\WINDOWS\WinSxS\amd64_microsoft.windows.common-controls_6595b64144ccf1df_6.0.22621.2070_none_2713e6537381f706\COMCTL32.dll
0x00007ffe76420000 - 0x00007ffe7642a000 	C:\WINDOWS\SYSTEM32\VERSION.dll
0x00007ffe7f940000 - 0x00007ffe7f971000 	C:\WINDOWS\System32\IMM32.DLL
0x00007ffe73390000 - 0x00007ffe7339c000 	C:\Program Files\Java\jdk-18.0.2\bin\vcruntime140_1.dll
0x00007ffe508e0000 - 0x00007ffe5096d000 	C:\Program Files\Java\jdk-18.0.2\bin\msvcp140.dll
0x00007ffe1f7e0000 - 0x00007ffe203f1000 	C:\Program Files\Java\jdk-18.0.2\bin\server\jvm.dll
0x00007ffe7dbe0000 - 0x00007ffe7dbe8000 	C:\WINDOWS\System32\PSAPI.DLL
0x00007ffe79c10000 - 0x00007ffe79c19000 	C:\WINDOWS\SYSTEM32\WSOCK32.dll
0x00007ffe6ab20000 - 0x00007ffe6ab54000 	C:\WINDOWS\SYSTEM32\WINMM.dll
0x00007ffe7ece0000 - 0x00007ffe7ed51000 	C:\WINDOWS\System32\WS2_32.dll
0x00007ffe7c290000 - 0x00007ffe7c2a8000 	C:\WINDOWS\SYSTEM32\kernel.appcore.dll
0x00007ffe6a520000 - 0x00007ffe6a52a000 	C:\Program Files\Java\jdk-18.0.2\bin\jimage.dll
0x00007ffe7a370000 - 0x00007ffe7a59e000 	C:\WINDOWS\SYSTEM32\DBGHELP.DLL
0x00007ffe7e830000 - 0x00007ffe7ebba000 	C:\WINDOWS\System32\combase.dll
0x00007ffe7ec00000 - 0x00007ffe7ecd7000 	C:\WINDOWS\System32\OLEAUT32.dll
0x00007ffe73f80000 - 0x00007ffe73fb2000 	C:\WINDOWS\SYSTEM32\dbgcore.DLL
0x00007ffe7d860000 - 0x00007ffe7d8da000 	C:\WINDOWS\System32\bcryptPrimitives.dll
0x00007ffe5d8a0000 - 0x00007ffe5d8c5000 	C:\Program Files\Java\jdk-18.0.2\bin\java.dll
0x00007ffe50210000 - 0x00007ffe502e6000 	C:\Program Files\Java\jdk-18.0.2\bin\jsvml.dll
0x00007ffe7dbf0000 - 0x00007ffe7e406000 	C:\WINDOWS\System32\SHELL32.dll
0x00007ffe7b190000 - 0x00007ffe7ba7a000 	C:\WINDOWS\SYSTEM32\windows.storage.dll
0x00007ffe7b050000 - 0x00007ffe7b18e000 	C:\WINDOWS\SYSTEM32\wintypes.dll
0x00007ffe7e630000 - 0x00007ffe7e723000 	C:\WINDOWS\System32\SHCORE.dll
0x00007ffe7f9e0000 - 0x00007ffe7fa3e000 	C:\WINDOWS\System32\shlwapi.dll
0x00007ffe7d0e0000 - 0x00007ffe7d106000 	C:\WINDOWS\SYSTEM32\profapi.dll
0x00007ffe6a420000 - 0x00007ffe6a433000 	C:\Program Files\Java\jdk-18.0.2\bin\net.dll
0x00007ffe76850000 - 0x00007ffe76987000 	C:\WINDOWS\SYSTEM32\WINHTTP.dll
0x00007ffe7c760000 - 0x00007ffe7c7c9000 	C:\WINDOWS\system32\mswsock.dll
0x00007ffe65a00000 - 0x00007ffe65a16000 	C:\Program Files\Java\jdk-18.0.2\bin\nio.dll
0x00007ffe5aca0000 - 0x00007ffe5acb8000 	C:\Program Files\Java\jdk-18.0.2\bin\zip.dll
0x00007ffe39380000 - 0x00007ffe3950f000 	C:\Program Files\Java\jdk-18.0.2\bin\awt.dll
0x00007ffe79ac0000 - 0x00007ffe79b57000 	C:\WINDOWS\SYSTEM32\apphelp.dll
0x00007ffe7a950000 - 0x00007ffe7a97b000 	C:\WINDOWS\system32\DWMAPI.DLL
0x00007ffe7a6d0000 - 0x00007ffe7a77b000 	C:\WINDOWS\system32\uxtheme.dll
0x00007ffe48930000 - 0x00007ffe48a30000 	C:\WINDOWS\system32\opengl32.dll
0x00007ffe48bb0000 - 0x00007ffe48bdd000 	C:\WINDOWS\SYSTEM32\GLU32.dll
0x00007ffe7a9c0000 - 0x00007ffe7a9f8000 	C:\WINDOWS\SYSTEM32\dxcore.dll
0x00007ffe7f1f0000 - 0x00007ffe7f317000 	C:\WINDOWS\System32\MSCTF.dll
0x00007ffe7fbf0000 - 0x00007ffe7fd8c000 	C:\WINDOWS\System32\ole32.dll
0x00007ffe61300000 - 0x00007ffe6132d000 	C:\Program Files\Java\jdk-18.0.2\bin\javajpeg.dll
0x00007ffe4cfc0000 - 0x00007ffe4d046000 	C:\Program Files\Java\jdk-18.0.2\bin\freetype.dll
0x00007ffe45630000 - 0x00007ffe456d8000 	C:\Program Files\Java\jdk-18.0.2\bin\fontmanager.dll
0x00007ffe60c00000 - 0x00007ffe60d2d000 	C:\WINDOWS\SYSTEM32\textinputframework.dll
0x00007ffe79550000 - 0x00007ffe79683000 	C:\WINDOWS\SYSTEM32\CoreMessaging.dll
0x00007ffe760b0000 - 0x00007ffe7641c000 	C:\WINDOWS\SYSTEM32\CoreUIComponents.dll
0x00007ffe7c9d0000 - 0x00007ffe7c9dc000 	C:\WINDOWS\SYSTEM32\CRYPTBASE.DLL
0x00007ffe7f4d0000 - 0x00007ffe7f580000 	C:\WINDOWS\System32\clbcatq.dll
0x00007ffe77c40000 - 0x00007ffe77df0000 	C:\WINDOWS\SYSTEM32\WindowsCodecs.dll

dbghelp: loaded successfully - version: 4.0.5 - missing functions: none
symbol engine: initialized successfully - sym options: 0x614 - pdb path: .;C:\Program Files\Java\jdk-18.0.2\bin;C:\WINDOWS\SYSTEM32;C:\WINDOWS\WinSxS\amd64_microsoft.windows.common-controls_6595b64144ccf1df_6.0.22621.2070_none_2713e6537381f706;C:\Program Files\Java\jdk-18.0.2\bin\server

VM Arguments:
jvm_args: -Dfile.encoding=UTF-8 --module-path=C:\Users\dilra\OneDrive\Desktop\javaprojects\University-Management-System-master\University Management System\build\classes 
java_command: university.management.system.Splash
java_class_path (initial): C:\Users\dilra\Downloads\mysql-connector-j-8.1.0.jar;C:\Users\dilra\Downloads\jcalendar-tz-1.3.3-4.jar;C:\Users\dilra\Downloads\rs2xml.jar;C:\Users\dilra\OneDrive\Desktop\javaprojects\University-Management-System-master\University Management System\build\classes
Launcher Type: SUN_STANDARD

[Global flags]
     intx CICompilerCount                          = 3                                         {product} {ergonomic}
     uint ConcGCThreads                            = 1                                         {product} {ergonomic}
     uint G1ConcRefinementThreads                  = 4                                         {product} {ergonomic}
   size_t G1HeapRegionSize                         = 1048576                                   {product} {ergonomic}
    uintx GCDrainStackTargetSize                   = 64                                        {product} {ergonomic}
   size_t InitialHeapSize                          = 130023424                                 {product} {ergonomic}
   size_t MarkStackSize                            = 4194304                                   {product} {ergonomic}
   size_t MaxHeapSize                              = 2080374784                                {product} {ergonomic}
   size_t MaxNewSize                               = 1247805440                                {product} {ergonomic}
   size_t MinHeapDeltaBytes                        = 1048576                                   {product} {ergonomic}
   size_t MinHeapSize                              = 8388608                                   {product} {ergonomic}
    uintx NonNMethodCodeHeapSize                   = 5832780                                {pd product} {ergonomic}
    uintx NonProfiledCodeHeapSize                  = 122912730                              {pd product} {ergonomic}
    uintx ProfiledCodeHeapSize                     = 122912730                              {pd product} {ergonomic}
    uintx ReservedCodeCacheSize                    = 251658240                              {pd product} {ergonomic}
     bool SegmentedCodeCache                       = true                                      {product} {ergonomic}
   size_t SoftMaxHeapSize                          = 2080374784                             {manageable} {ergonomic}
     bool UseCompressedClassPointers               = true                           {product lp64_product} {ergonomic}
     bool UseCompressedOops                        = true                           {product lp64_product} {ergonomic}
     bool UseG1GC                                  = true                                      {product} {ergonomic}
     bool UseLargePagesIndividualAllocation        = false                                  {pd product} {ergonomic}

Logging:
Log output configuration:
 #0: stdout all=warning uptime,level,tags foldmultilines=false
 #1: stderr all=off uptime,level,tags foldmultilines=false

Environment Variables:
PATH=C:\Program Files\Python311\Scripts\;C:\Program Files\Python311\;C:\Program Files\Common Files\Oracle\Java\javapath;C:\WINDOWS\system32;C:\WINDOWS;C:\WINDOWS\System32\Wbem;C:\WINDOWS\System32\WindowsPowerShell\v1.0\;C:\WINDOWS\System32\OpenSSH\;C:\Program Files\Java\jdk-18.0.2\bin;C:\MinGW\bin;C:\Users\dilra\AppData\Local\Microsoft\WindowsApps;;C:\Program Files\JetBrains\IntelliJ IDEA Community Edition 2022.2\bin;;C:\Users\dilra\AppData\Local\Programs\Microsoft VS Code\bin
USERNAME=dilra
OS=Windows_NT
PROCESSOR_IDENTIFIER=Intel64 Family 6 Model 126 Stepping 5, GenuineIntel



---------------  S Y S T E M  ---------------

OS:
 Windows 11 , 64 bit Build 22621 (10.0.22621.2070)
OS uptime: 28 days 8:56 hours

CPU: total 4 (initial active 4) (2 cores per cpu, 2 threads per core) family 6 model 126 stepping 5 microcode 0x96, cx8, cmov, fxsr, ht, mmx, 3dnowpref, sse, sse2, sse3, ssse3, sse4.1, sse4.2, popcnt, lzcnt, tsc, tscinvbit, avx, avx2, aes, erms, clmul, bmi1, bmi2, adx, avx512f, avx512dq, avx512cd, avx512bw, avx512vl, sha, fma, vzeroupper, avx512_vpopcntdq, avx512_vpclmulqdq, avx512_vaes, avx512_vnni, clflush, clflushopt, avx512_vbmi2, avx512_vbmi

Memory: 4k page, system-wide physical 7931M (658M free)
TotalPageFile size 25516M (AvailPageFile size 3M)
current process WorkingSet (physical memory assigned to process): 167M, peak: 168M
current process commit charge ("private bytes"): 269M, peak: 281M

vm_info: Java HotSpot(TM) 64-Bit Server VM (18.0.2+9-61) for windows-amd64 JRE (18.0.2+9-61), built on Jun  7 2022 13:09:01 by "mach5one" with MS VC++ 16.8 / 16.9 (VS2019)

END.
