#
# There is insufficient memory for the Java Runtime Environment to continue.
# Native memory allocation (mmap) failed to map 130023424 bytes for G1 virtual space
# Possible reasons:
#   The system is out of physical RAM or swap space
#   The process is running with CompressedOops enabled, and the Java Heap may be blocking the growth of the native heap
# Possible solutions:
#   Reduce memory load on the system
#   Increase physical memory or swap space
#   Check if swap backing store is full
#   Decrease Java heap size (-Xmx/-Xms)
#   Decrease number of Java threads
#   Decrease Java thread stack sizes (-Xss)
#   Set larger code cache with -XX:ReservedCodeCacheSize=
#   JVM is running with Unscaled Compressed Oops mode in which the Java heap is
#     placed in the first 4GB address space. The Java Heap base address is the
#     maximum limit for the native heap growth. Please use -XX:HeapBaseMinAddress
#     to set the Java Heap base and to place the Java Heap above 4GB virtual address.
# This output file may be truncated or incomplete.
#
#  Out of Memory Error (os_windows.cpp:3530), pid=22108, tid=12848
#
# JRE version:  (18.0.2+9) (build )
# Java VM: Java HotSpot(TM) 64-Bit Server VM (18.0.2+9-61, mixed mode, sharing, tiered, compressed oops, compressed class ptrs, g1 gc, windows-amd64)
# No core dump will be written. Minidumps are not enabled by default on client versions of Windows
#

---------------  S U M M A R Y ------------

Command Line: -Dfile.encoding=UTF-8 --module-path=C:\Users\dilra\OneDrive\Desktop\javaprojects\University-Management-System-master\University Management System\build\classes university.management.system.StudentFeeForm

Host: Intel(R) Core(TM) i3-1005G1 CPU @ 1.20GHz, 4 cores, 7G,  Windows 11 , 64 bit Build 22621 (10.0.22621.2070)
Time: Thu Sep 28 19:23:26 2023 India Standard Time elapsed time: 0.016888 seconds (0d 0h 0m 0s)

---------------  T H R E A D  ---------------

Current thread (0x000001dd589ba110):  JavaThread "Unknown thread" [_thread_in_vm, id=12848, stack(0x0000001322500000,0x0000001322600000)]

Stack: [0x0000001322500000,0x0000001322600000]
Native frames: (J=compiled Java code, j=interpreted, Vv=VM code, C=native code)
V  [jvm.dll+0x6993ca]
V  [jvm.dll+0x7f481d]
V  [jvm.dll+0x7f612e]
V  [jvm.dll+0x7f67e3]
V  [jvm.dll+0x25cdaf]
V  [jvm.dll+0x696319]
V  [jvm.dll+0x68ae4a]
V  [jvm.dll+0x3223eb]
V  [jvm.dll+0x329dc6]
V  [jvm.dll+0x37eade]
V  [jvm.dll+0x37ed0f]
V  [jvm.dll+0x2fa16a]
V  [jvm.dll+0x2fb1cd]
V  [jvm.dll+0x7c3450]
V  [jvm.dll+0x38be61]
V  [jvm.dll+0x7a2073]
V  [jvm.dll+0x40dc3f]
V  [jvm.dll+0x40f611]
C  [jli.dll+0x526b]
C  [ucrtbase.dll+0x29363]
C  [KERNEL32.DLL+0x126ad]
C  [ntdll.dll+0x5aa68]


---------------  P R O C E S S  ---------------

Threads class SMR info:
_java_thread_list=0x00007ffe202be550, length=0, elements={
}

Java Threads: ( => current thread )

Other Threads:
  0x000001dd58a1a470 WorkerThread "GC Thread#0" [stack: 0x0000001322600000,0x0000001322700000] [id=28348]
  0x000001dd58a2ad00 ConcurrentGCThread "G1 Main Marker" [stack: 0x0000001322700000,0x0000001322800000] [id=6636]
  0x000001dd58a2be90 WorkerThread "G1 Conc#0" [stack: 0x0000001322800000,0x0000001322900000] [id=6784]

[error occurred during error reporting (printing all threads), id 0xc0000005, EXCEPTION_ACCESS_VIOLATION (0xc0000005) at pc=0x00007ffe1faea707]

VM state: not at safepoint (not fully initialized)

VM Mutex/Monitor currently owned by a thread:  ([mutex/lock_event])
[0x000001dd589b5930] Heap_lock - owner thread: 0x000001dd589ba110

Heap address: 0x0000000084000000, size: 1984 MB, Compressed Oops mode: 32-bit

CDS archive(s) mapped at: [0x0000000000000000-0x0000000000000000-0x0000000000000000), size 0, SharedBaseAddress: 0x0000000800000000, ArchiveRelocationMode: 0.
Narrow klass base: 0x0000000000000000, Narrow klass shift: 0, Narrow klass range: 0x0

GC Precious Log:
 CardTable entry size: 512
 Card Set container configuration: InlinePtr #cards 5 size 8 Array Of Cards #cards 12 size 40 Howl #buckets 4 coarsen threshold 1843 Howl Bitmap #cards 512 size 80 coarsen threshold 460 Card regions per heap region 1 cards per card region 2048

Heap:
 garbage-first heap   total 0K, used 0K [0x0000000084000000, 0x0000000100000000)
  region size 1024K, 0 young (0K), 0 survivors (0K)

[error occurred during error reporting (printing heap information), id 0xc0000005, EXCEPTION_ACCESS_VIOLATION (0xc0000005) at pc=0x00007ffe1fed1859]

GC Heap History (0 events):
No events

Deoptimization events (0 events):
No events

Classes loaded (0 events):
No events

Classes unloaded (0 events):
No events

Classes redefined (0 events):
No events

Internal exceptions (0 events):
No events

VM Operations (0 events):
No events

Events (1 events):
Event: 0.011 Loaded shared library C:\Program Files\Java\jdk-18.0.2\bin\java.dll


Dynamic libraries:
0x00007ff77fc00000 - 0x00007ff77fc10000 	C:\Program Files\Java\jdk-18.0.2\bin\java.exe
0x00007ffe7fdd0000 - 0x00007ffe7ffe4000 	C:\WINDOWS\SYSTEM32\ntdll.dll
0x00007ffe7e760000 - 0x00007ffe7e824000 	C:\WINDOWS\System32\KERNEL32.DLL
0x00007ffe7d1e0000 - 0x00007ffe7d584000 	C:\WINDOWS\System32\KERNELBASE.dll
0x00007ffe7da70000 - 0x00007ffe7db81000 	C:\WINDOWS\System32\ucrtbase.dll
0x00007ffe5df50000 - 0x00007ffe5df68000 	C:\Program Files\Java\jdk-18.0.2\bin\jli.dll
0x00007ffe7f740000 - 0x00007ffe7f7f0000 	C:\WINDOWS\System32\ADVAPI32.dll
0x00007ffe7f3b0000 - 0x00007ffe7f457000 	C:\WINDOWS\System32\msvcrt.dll
0x00007ffe7f7f0000 - 0x00007ffe7f896000 	C:\WINDOWS\System32\sechost.dll
0x00007ffe7e510000 - 0x00007ffe7e627000 	C:\WINDOWS\System32\RPCRT4.dll
0x00007ffe7fa40000 - 0x00007ffe7fbea000 	C:\WINDOWS\System32\USER32.dll
0x00007ffe7d1b0000 - 0x00007ffe7d1d6000 	C:\WINDOWS\System32\win32u.dll
0x00007ffe7e730000 - 0x00007ffe7e759000 	C:\WINDOWS\System32\GDI32.dll
0x00007ffe7d8e0000 - 0x00007ffe7d9f9000 	C:\WINDOWS\System32\gdi32full.dll
0x00007ffe7d7c0000 - 0x00007ffe7d85a000 	C:\WINDOWS\System32\msvcp_win.dll
0x00007ffe72b10000 - 0x00007ffe72b2a000 	C:\Program Files\Java\jdk-18.0.2\bin\VCRUNTIME140.dll
0x00007ffe6add0000 - 0x00007ffe6b05f000 	C:\WINDOWS\WinSxS\amd64_microsoft.windows.common-controls_6595b64144ccf1df_6.0.22621.2070_none_2713e6537381f706\COMCTL32.dll
0x00007ffe76420000 - 0x00007ffe7642a000 	C:\WINDOWS\SYSTEM32\VERSION.dll
0x00007ffe7f940000 - 0x00007ffe7f971000 	C:\WINDOWS\System32\IMM32.DLL
0x00007ffe73390000 - 0x00007ffe7339c000 	C:\Program Files\Java\jdk-18.0.2\bin\vcruntime140_1.dll
0x00007ffe508e0000 - 0x00007ffe5096d000 	C:\Program Files\Java\jdk-18.0.2\bin\msvcp140.dll
0x00007ffe1f7e0000 - 0x00007ffe203f1000 	C:\Program Files\Java\jdk-18.0.2\bin\server\jvm.dll
0x00007ffe7dbe0000 - 0x00007ffe7dbe8000 	C:\WINDOWS\System32\PSAPI.DLL
0x00007ffe79c10000 - 0x00007ffe79c19000 	C:\WINDOWS\SYSTEM32\WSOCK32.dll
0x00007ffe7ece0000 - 0x00007ffe7ed51000 	C:\WINDOWS\System32\WS2_32.dll
0x00007ffe6ab20000 - 0x00007ffe6ab54000 	C:\WINDOWS\SYSTEM32\WINMM.dll
0x00007ffe7c290000 - 0x00007ffe7c2a8000 	C:\WINDOWS\SYSTEM32\kernel.appcore.dll
0x00007ffe6a520000 - 0x00007ffe6a52a000 	C:\Program Files\Java\jdk-18.0.2\bin\jimage.dll
0x00007ffe7a370000 - 0x00007ffe7a59e000 	C:\WINDOWS\SYSTEM32\DBGHELP.DLL
0x00007ffe7e830000 - 0x00007ffe7ebba000 	C:\WINDOWS\System32\combase.dll
0x00007ffe7ec00000 - 0x00007ffe7ecd7000 	C:\WINDOWS\System32\OLEAUT32.dll
0x00007ffe73f80000 - 0x00007ffe73fb2000 	C:\WINDOWS\SYSTEM32\dbgcore.DLL
0x00007ffe7d860000 - 0x00007ffe7d8da000 	C:\WINDOWS\System32\bcryptPrimitives.dll
0x00007ffe5d8a0000 - 0x00007ffe5d8c5000 	C:\Program Files\Java\jdk-18.0.2\bin\java.dll

dbghelp: loaded successfully - version: 4.0.5 - missing functions: none
symbol engine: initialized successfully - sym options: 0x614 - pdb path: .;C:\Program Files\Java\jdk-18.0.2\bin;C:\WINDOWS\SYSTEM32;C:\WINDOWS\WinSxS\amd64_microsoft.windows.common-controls_6595b64144ccf1df_6.0.22621.2070_none_2713e6537381f706;C:\Program Files\Java\jdk-18.0.2\bin\server

VM Arguments:
jvm_args: -Dfile.encoding=UTF-8 --module-path=C:\Users\dilra\OneDrive\Desktop\javaprojects\University-Management-System-master\University Management System\build\classes 
java_command: university.management.system.StudentFeeForm
java_class_path (initial): C:\Users\dilra\Downloads\mysql-connector-j-8.1.0.jar;C:\Users\dilra\Downloads\jcalendar-tz-1.3.3-4.jar;C:\Users\dilra\Downloads\rs2xml.jar;C:\Users\dilra\OneDrive\Desktop\javaprojects\University-Management-System-master\University Management System\build\classes
Launcher Type: SUN_STANDARD

[Global flags]
     intx CICompilerCount                          = 3                                         {product} {ergonomic}
     uint ConcGCThreads                            = 1                                         {product} {ergonomic}
     uint G1ConcRefinementThreads                  = 4                                         {product} {ergonomic}
   size_t G1HeapRegionSize                         = 1048576                                   {product} {ergonomic}
    uintx GCDrainStackTargetSize                   = 64                                        {product} {ergonomic}
   size_t InitialHeapSize                          = 130023424                                 {product} {ergonomic}
   size_t MarkStackSize                            = 4194304                                   {product} {ergonomic}
   size_t MaxHeapSize                              = 2080374784                                {product} {ergonomic}
   size_t MinHeapDeltaBytes                        = 1048576                                   {product} {ergonomic}
   size_t MinHeapSize                              = 8388608                                   {product} {ergonomic}
    uintx NonNMethodCodeHeapSize                   = 5832780                                {pd product} {ergonomic}
    uintx NonProfiledCodeHeapSize                  = 122912730                              {pd product} {ergonomic}
    uintx ProfiledCodeHeapSize                     = 122912730                              {pd product} {ergonomic}
    uintx ReservedCodeCacheSize                    = 251658240                              {pd product} {ergonomic}
     bool SegmentedCodeCache                       = true                                      {product} {ergonomic}
   size_t SoftMaxHeapSize                          = 2080374784                             {manageable} {ergonomic}
     bool UseCompressedClassPointers               = true                           {product lp64_product} {ergonomic}
     bool UseCompressedOops                        = true                           {product lp64_product} {ergonomic}
     bool UseG1GC                                  = true                                      {product} {ergonomic}
     bool UseLargePagesIndividualAllocation        = false                                  {pd product} {ergonomic}

Logging:
Log output configuration:
 #0: stdout all=warning uptime,level,tags foldmultilines=false
 #1: stderr all=off uptime,level,tags foldmultilines=false

Environment Variables:
PATH=C:\Program Files\Python311\Scripts\;C:\Program Files\Python311\;C:\Program Files\Common Files\Oracle\Java\javapath;C:\WINDOWS\system32;C:\WINDOWS;C:\WINDOWS\System32\Wbem;C:\WINDOWS\System32\WindowsPowerShell\v1.0\;C:\WINDOWS\System32\OpenSSH\;C:\Program Files\Java\jdk-18.0.2\bin;C:\MinGW\bin;C:\Users\dilra\AppData\Local\Microsoft\WindowsApps;;C:\Program Files\JetBrains\IntelliJ IDEA Community Edition 2022.2\bin;;C:\Users\dilra\AppData\Local\Programs\Microsoft VS Code\bin
USERNAME=dilra
OS=Windows_NT
PROCESSOR_IDENTIFIER=Intel64 Family 6 Model 126 Stepping 5, GenuineIntel



---------------  S Y S T E M  ---------------

OS:
 Windows 11 , 64 bit Build 22621 (10.0.22621.2070)
OS uptime: 28 days 8:46 hours

CPU: total 4 (initial active 4) (2 cores per cpu, 2 threads per core) family 6 model 126 stepping 5 microcode 0x96, cx8, cmov, fxsr, ht, mmx, 3dnowpref, sse, sse2, sse3, ssse3, sse4.1, sse4.2, popcnt, lzcnt, tsc, tscinvbit, avx, avx2, aes, erms, clmul, bmi1, bmi2, adx, avx512f, avx512dq, avx512cd, avx512bw, avx512vl, sha, fma, vzeroupper, avx512_vpopcntdq, avx512_vpclmulqdq, avx512_vaes, avx512_vnni, clflush, clflushopt, avx512_vbmi2, avx512_vbmi

Memory: 4k page, system-wide physical 7931M (770M free)
TotalPageFile size 25516M (AvailPageFile size 68M)
current process WorkingSet (physical memory assigned to process): 11M, peak: 11M
current process commit charge ("private bytes"): 52M, peak: 176M

vm_info: Java HotSpot(TM) 64-Bit Server VM (18.0.2+9-61) for windows-amd64 JRE (18.0.2+9-61), built on Jun  7 2022 13:09:01 by "mach5one" with MS VC++ 16.8 / 16.9 (VS2019)

END.
